# JRE version: OpenJDK Runtime Environment (8.0_76-b03) (build 1.8.0_76-release-b03)
# Java VM: OpenJDK 64-Bit Server VM (25.76-b03 mixed mode windows-amd64 compressed oops)
Heap:
 PSYoungGen      total 387584K, used 333365K [0x00000000e0000000, 0x00000000fbd00000, 0x0000000100000000)
  eden space 350208K, 87% used [0x00000000e0000000,0x00000000f2c77478,0x00000000f5600000)
  from space 37376K, 68% used [0x00000000f9880000,0x00000000fb196328,0x00000000fbd00000)
  to   space 52736K, 0% used [0x00000000f5600000,0x00000000f5600000,0x00000000f8980000)
 ParOldGen       total 121344K, used 49676K [0x00000000a0000000, 0x00000000a7680000, 0x00000000e0000000)
  object space 121344K, 40% used [0x00000000a0000000,0x00000000a3083350,0x00000000a7680000)
 Metaspace       used 81181K, capacity 86370K, committed 88192K, reserved 1126400K
  class space    used 9854K, capacity 10480K, committed 11136K, reserved 1048576K
GC Heap History (10 events):
Event: 9709.947 GC heap before
{Heap before GC invocations=86 (full 17):
 PSYoungGen      total 448512K, used 435615K [0x00000000e0000000, 0x00000000ffb80000, 0x0000000100000000)
  eden space 394240K, 100% used [0x00000000e0000000,0x00000000f8100000,0x00000000f8100000)
  from space 54272K, 76% used [0x00000000fba00000,0x00000000fe267f30,0x00000000fef00000)
  to   space 58368K, 0% used [0x00000000f8100000,0x00000000f8100000,0x00000000fba00000)
 ParOldGen       total 121344K, used 49313K [0x00000000a0000000, 0x00000000a7680000, 0x00000000e0000000)
  object space 121344K, 40% used [0x00000000a0000000,0x00000000a3028708,0x00000000a7680000)
 Metaspace       used 80416K, capacity 85606K, committed 87424K, reserved 1126400K
  class space    used 9807K, capacity 10402K, committed 11136K, reserved 1048576K
Event: 9709.955 GC heap after
Heap after GC invocations=86 (full 17):
 PSYoungGen      total 391168K, used 12002K [0x00000000e0000000, 0x00000000fe100000, 0x0000000100000000)
  eden space 378880K, 0% used [0x00000000e0000000,0x00000000e0000000,0x00000000f7200000)
  from space 12288K, 97% used [0x00000000f8100000,0x00000000f8cb89b8,0x00000000f8d00000)
  to   space 56832K, 0% used [0x00000000fa980000,0x00000000fa980000,0x00000000fe100000)
 ParOldGen       total 121344K, used 49321K [0x00000000a0000000, 0x00000000a7680000, 0x00000000e0000000)
  object space 121344K, 40% used [0x00000000a0000000,0x00000000a302a708,0x00000000a7680000)
 Metaspace       used 80416K, capacity 85606K, committed 87424K, reserved 1126400K
  class space    used 9807K, capacity 10402K, committed 11136K, reserved 1048576K
}
Event: 9713.935 GC heap before
{Heap before GC invocations=87 (full 17):
 PSYoungGen      total 391168K, used 390882K [0x00000000e0000000, 0x00000000fe100000, 0x0000000100000000)
  eden space 378880K, 100% used [0x00000000e0000000,0x00000000f7200000,0x00000000f7200000)
  from space 12288K, 97% used [0x00000000f8100000,0x00000000f8cb89b8,0x00000000f8d00000)
  to   space 56832K, 0% used [0x00000000fa980000,0x00000000fa980000,0x00000000fe100000)
 ParOldGen       total 121344K, used 49321K [0x00000000a0000000, 0x00000000a7680000, 0x00000000e0000000)
  object space 121344K, 40% used [0x00000000a0000000,0x00000000a302a708,0x00000000a7680000)
 Metaspace       used 80445K, capacity 85606K, committed 87424K, reserved 1126400K
  class space    used 9807K, capacity 10402K, committed 11136K, reserved 1048576K
Event: 9713.949 GC heap after
Heap after GC invocations=87 (full 17):
 PSYoungGen      total 401920K, used 25571K [0x00000000e0000000, 0x00000000fce80000, 0x0000000100000000)
  eden space 364032K, 0% used [0x00000000e0000000,0x00000000e0000000,0x00000000f6380000)
  from space 37888K, 67% used [0x00000000fa980000,0x00000000fc278d20,0x00000000fce80000)
  to   space 54784K, 0% used [0x00000000f6380000,0x00000000f6380000,0x00000000f9900000)
 ParOldGen       total 121344K, used 49321K [0x00000000a0000000, 0x00000000a7680000, 0x00000000e0000000)
  object space 121344K, 40% used [0x00000000a0000000,0x00000000a302a708,0x00000000a7680000)
 Metaspace       used 80445K, capacity 85606K, committed 87424K, reserved 1126400K
  class space    used 9807K, capacity 10402K, committed 11136K, reserved 1048576K
}
Event: 9714.826 GC heap before
{Heap before GC invocations=88 (full 17):
 PSYoungGen      total 401920K, used 342904K [0x00000000e0000000, 0x00000000fce80000, 0x0000000100000000)
  eden space 364032K, 87% used [0x00000000e0000000,0x00000000f35e5548,0x00000000f6380000)
  from space 37888K, 67% used [0x00000000fa980000,0x00000000fc278d20,0x00000000fce80000)
  to   space 54784K, 0% used [0x00000000f6380000,0x00000000f6380000,0x00000000f9900000)
 ParOldGen       total 121344K, used 49321K [0x00000000a0000000, 0x00000000a7680000, 0x00000000e0000000)
  object space 121344K, 40% used [0x00000000a0000000,0x00000000a302a708,0x00000000a7680000)
 Metaspace       used 80452K, capacity 85606K, committed 87424K, reserved 1126400K
  class space    used 9807K, capacity 10402K, committed 11136K, reserved 1048576K
Event: 9714.830 GC heap after
Heap after GC invocations=88 (full 17):
 PSYoungGen      total 371200K, used 6690K [0x00000000e0000000, 0x00000000fcd80000, 0x0000000100000000)
  eden space 364032K, 0% used [0x00000000e0000000,0x00000000e0000000,0x00000000f6380000)
  from space 7168K, 93% used [0x00000000f6380000,0x00000000f6a089d8,0x00000000f6a80000)
  to   space 54272K, 0% used [0x00000000f9880000,0x00000000f9880000,0x00000000fcd80000)
 ParOldGen       total 121344K, used 49329K [0x00000000a0000000, 0x00000000a7680000, 0x00000000e0000000)
  object space 121344K, 40% used [0x00000000a0000000,0x00000000a302c708,0x00000000a7680000)
 Metaspace       used 80452K, capacity 85606K, committed 87424K, reserved 1126400K
  class space    used 9807K, capacity 10402K, committed 11136K, reserved 1048576K
}
Event: 9714.830 GC heap before
{Heap before GC invocations=89 (full 18):
 PSYoungGen      total 371200K, used 6690K [0x00000000e0000000, 0x00000000fcd80000, 0x0000000100000000)
  eden space 364032K, 0% used [0x00000000e0000000,0x00000000e0000000,0x00000000f6380000)
  from space 7168K, 93% used [0x00000000f6380000,0x00000000f6a089d8,0x00000000f6a80000)
  to   space 54272K, 0% used [0x00000000f9880000,0x00000000f9880000,0x00000000fcd80000)
 ParOldGen       total 121344K, used 49329K [0x00000000a0000000, 0x00000000a7680000, 0x00000000e0000000)
  object space 121344K, 40% used [0x00000000a0000000,0x00000000a302c708,0x00000000a7680000)
 Metaspace       used 80452K, capacity 85606K, committed 87424K, reserved 1126400K
  class space    used 9807K, capacity 10402K, committed 11136K, reserved 1048576K
Event: 9715.037 GC heap after
Heap after GC invocations=89 (full 18):
 PSYoungGen      total 371200K, used 0K [0x00000000e0000000, 0x00000000fcd80000, 0x0000000100000000)
  eden space 364032K, 0% used [0x00000000e0000000,0x00000000e0000000,0x00000000f6380000)
  from space 7168K, 0% used [0x00000000f6380000,0x00000000f6380000,0x00000000f6a80000)
  to   space 54272K, 0% used [0x00000000f9880000,0x00000000f9880000,0x00000000fcd80000)
 ParOldGen       total 121344K, used 49668K [0x00000000a0000000, 0x00000000a7680000, 0x00000000e0000000)
  object space 121344K, 40% used [0x00000000a0000000,0x00000000a3081350,0x00000000a7680000)
 Metaspace       used 80452K, capacity 85606K, committed 87424K, reserved 1126400K
  class space    used 9807K, capacity 10402K, committed 11136K, reserved 1048576K
}
Event: 9848.837 GC heap before
{Heap before GC invocations=90 (full 18):
 PSYoungGen      total 371200K, used 364032K [0x00000000e0000000, 0x00000000fcd80000, 0x0000000100000000)
  eden space 364032K, 100% used [0x00000000e0000000,0x00000000f6380000,0x00000000f6380000)
  from space 7168K, 0% used [0x00000000f6380000,0x00000000f6380000,0x00000000f6a80000)
  to   space 54272K, 0% used [0x00000000f9880000,0x00000000f9880000,0x00000000fcd80000)
 ParOldGen       total 121344K, used 49668K [0x00000000a0000000, 0x00000000a7680000, 0x00000000e0000000)
  object space 121344K, 40% used [0x00000000a0000000,0x00000000a3081350,0x00000000a7680000)
 Metaspace       used 80676K, capacity 85878K, committed 87680K, reserved 1126400K
  class space    used 9823K, capacity 10446K, committed 11136K, reserved 1048576K
Event: 9848.858 GC heap after
Heap after GC invocations=90 (full 18):
 PSYoungGen      total 387584K, used 25688K [0x00000000e0000000, 0x00000000fbd00000, 0x0000000100000000)
  eden space 350208K, 0% used [0x00000000e0000000,0x00000000e0000000,0x00000000f5600000)
  from space 37376K, 68% used [0x00000000f9880000,0x00000000fb196328,0x00000000fbd00000)
  to   space 52736K, 0% used [0x00000000f5600000,0x00000000f5600000,0x00000000f8980000)
 ParOldGen       total 121344K, used 49676K [0x00000000a0000000, 0x00000000a7680000, 0x00000000e0000000)
  object space 121344K, 40% used [0x00000000a0000000,0x00000000a3083350,0x00000000a7680000)
 Metaspace       used 80676K, capacity 85878K, committed 87680K, reserved 1126400K
  class space    used 9823K, capacity 10446K, committed 11136K, reserved 1048576K
}

